# JRE version: OpenJDK Runtime Environment (17.0.6) (build 17.0.6+0-b2043.56-9586694)
# Java VM: OpenJDK 64-Bit Server VM (17.0.6+0-b2043.56-9586694, mixed mode, tiered, compressed oops, compressed class ptrs, g1 gc, windows-amd64)
GC Precious Log:
 CPUs: 16 total, 16 available
 Memory: 16155M
 Large Page Support: Disabled
 NUMA Support: Disabled
 Compressed Oops: Enabled (32-bit)
 Heap Region Size: 1M
 Heap Min Capacity: 8M
 Heap Initial Capacity: 254M
 Heap Max Capacity: 1536M
 Pre-touch: Disabled
 Parallel Workers: 13
 Concurrent Workers: 3
 Concurrent Refinement Workers: 13
 Periodic GC: Disabled
Heap:
 garbage-first heap   total 151552K, used 79402K [0x00000000a0000000, 0x0000000100000000)
  region size 1024K, 5 young (5120K), 5 survivors (5120K)
 Metaspace       used 80909K, committed 81600K, reserved 1122304K
  class space    used 10909K, committed 11200K, reserved 1048576K
GC Heap History (20 events):
Event: 3.072 GC heap after
{Heap after GC invocations=18 (full 0):
 garbage-first heap   total 83968K, used 50655K [0x00000000a0000000, 0x0000000100000000)
  region size 1024K, 1 young (1024K), 1 survivors (1024K)
 Metaspace       used 52675K, committed 53120K, reserved 1097728K
  class space    used 6887K, committed 7104K, reserved 1048576K
}
Event: 3.185 GC heap before
{Heap before GC invocations=18 (full 0):
 garbage-first heap   total 83968K, used 66015K [0x00000000a0000000, 0x0000000100000000)
  region size 1024K, 16 young (16384K), 1 survivors (1024K)
 Metaspace       used 54762K, committed 55232K, reserved 1097728K
  class space    used 7152K, committed 7360K, reserved 1048576K
}
Event: 3.187 GC heap after
{Heap after GC invocations=19 (full 0):
 garbage-first heap   total 83968K, used 51111K [0x00000000a0000000, 0x0000000100000000)
  region size 1024K, 1 young (1024K), 1 survivors (1024K)
 Metaspace       used 54762K, committed 55232K, reserved 1097728K
  class space    used 7152K, committed 7360K, reserved 1048576K
}
Event: 3.306 GC heap before
{Heap before GC invocations=20 (full 0):
 garbage-first heap   total 91136K, used 66471K [0x00000000a0000000, 0x0000000100000000)
  region size 1024K, 16 young (16384K), 1 survivors (1024K)
 Metaspace       used 57229K, committed 57728K, reserved 1105920K
  class space    used 7452K, committed 7680K, reserved 1048576K
}
Event: 3.308 GC heap after
{Heap after GC invocations=21 (full 0):
 garbage-first heap   total 91136K, used 51589K [0x00000000a0000000, 0x0000000100000000)
  region size 1024K, 2 young (2048K), 2 survivors (2048K)
 Metaspace       used 57229K, committed 57728K, reserved 1105920K
  class space    used 7452K, committed 7680K, reserved 1048576K
}
Event: 3.318 GC heap before
{Heap before GC invocations=21 (full 0):
 garbage-first heap   total 91136K, used 53637K [0x00000000a0000000, 0x0000000100000000)
  region size 1024K, 4 young (4096K), 2 survivors (2048K)
 Metaspace       used 57506K, committed 57984K, reserved 1105920K
  class space    used 7489K, committed 7680K, reserved 1048576K
}
Event: 3.319 GC heap after
{Heap after GC invocations=22 (full 0):
 garbage-first heap   total 151552K, used 51200K [0x00000000a0000000, 0x0000000100000000)
  region size 1024K, 1 young (1024K), 1 survivors (1024K)
 Metaspace       used 57506K, committed 57984K, reserved 1105920K
  class space    used 7489K, committed 7680K, reserved 1048576K
}
Event: 3.725 GC heap before
{Heap before GC invocations=22 (full 0):
 garbage-first heap   total 151552K, used 109568K [0x00000000a0000000, 0x0000000100000000)
  region size 1024K, 52 young (53248K), 1 survivors (1024K)
 Metaspace       used 63916K, committed 64448K, reserved 1105920K
  class space    used 8341K, committed 8576K, reserved 1048576K
}
Event: 3.727 GC heap after
{Heap after GC invocations=23 (full 0):
 garbage-first heap   total 151552K, used 55861K [0x00000000a0000000, 0x0000000100000000)
  region size 1024K, 6 young (6144K), 6 survivors (6144K)
 Metaspace       used 63916K, committed 64448K, reserved 1105920K
  class space    used 8341K, committed 8576K, reserved 1048576K
}
Event: 4.052 GC heap before
{Heap before GC invocations=23 (full 0):
 garbage-first heap   total 151552K, used 112181K [0x00000000a0000000, 0x0000000100000000)
  region size 1024K, 60 young (61440K), 6 survivors (6144K)
 Metaspace       used 68917K, committed 69440K, reserved 1114112K
  class space    used 8964K, committed 9152K, reserved 1048576K
}
Event: 4.055 GC heap after
{Heap after GC invocations=24 (full 0):
 garbage-first heap   total 151552K, used 58985K [0x00000000a0000000, 0x0000000100000000)
  region size 1024K, 4 young (4096K), 4 survivors (4096K)
 Metaspace       used 68917K, committed 69440K, reserved 1114112K
  class space    used 8964K, committed 9152K, reserved 1048576K
}
Event: 4.309 GC heap before
{Heap before GC invocations=24 (full 0):
 garbage-first heap   total 151552K, used 113257K [0x00000000a0000000, 0x0000000100000000)
  region size 1024K, 57 young (58368K), 4 survivors (4096K)
 Metaspace       used 70240K, committed 70784K, reserved 1114112K
  class space    used 9142K, committed 9344K, reserved 1048576K
}
Event: 4.314 GC heap after
{Heap after GC invocations=25 (full 0):
 garbage-first heap   total 151552K, used 63778K [0x00000000a0000000, 0x0000000100000000)
  region size 1024K, 8 young (8192K), 8 survivors (8192K)
 Metaspace       used 70240K, committed 70784K, reserved 1114112K
  class space    used 9142K, committed 9344K, reserved 1048576K
}
Event: 4.572 GC heap before
{Heap before GC invocations=25 (full 0):
 garbage-first heap   total 151552K, used 117026K [0x00000000a0000000, 0x0000000100000000)
  region size 1024K, 60 young (61440K), 8 survivors (8192K)
 Metaspace       used 71387K, committed 72000K, reserved 1114112K
  class space    used 9366K, committed 9600K, reserved 1048576K
}
Event: 4.577 GC heap after
{Heap after GC invocations=26 (full 0):
 garbage-first heap   total 151552K, used 66502K [0x00000000a0000000, 0x0000000100000000)
  region size 1024K, 3 young (3072K), 3 survivors (3072K)
 Metaspace       used 71387K, committed 72000K, reserved 1114112K
  class space    used 9366K, committed 9600K, reserved 1048576K
}
Event: 4.911 GC heap before
{Heap before GC invocations=26 (full 0):
 garbage-first heap   total 151552K, used 119750K [0x00000000a0000000, 0x0000000100000000)
  region size 1024K, 55 young (56320K), 3 survivors (3072K)
 Metaspace       used 76046K, committed 76672K, reserved 1122304K
  class space    used 10179K, committed 10432K, reserved 1048576K
}
Event: 4.914 GC heap after
{Heap after GC invocations=27 (full 0):
 garbage-first heap   total 151552K, used 69764K [0x00000000a0000000, 0x0000000100000000)
  region size 1024K, 7 young (7168K), 7 survivors (7168K)
 Metaspace       used 76046K, committed 76672K, reserved 1122304K
  class space    used 10179K, committed 10432K, reserved 1048576K
}
Event: 5.155 GC heap before
{Heap before GC invocations=27 (full 0):
 garbage-first heap   total 151552K, used 119940K [0x00000000a0000000, 0x0000000100000000)
  region size 1024K, 56 young (57344K), 7 survivors (7168K)
 Metaspace       used 79173K, committed 79872K, reserved 1122304K
  class space    used 10675K, committed 11008K, reserved 1048576K
}
Event: 5.159 GC heap after
{Heap after GC invocations=28 (full 0):
 garbage-first heap   total 151552K, used 74543K [0x00000000a0000000, 0x0000000100000000)
  region size 1024K, 5 young (5120K), 5 survivors (5120K)
 Metaspace       used 79173K, committed 79872K, reserved 1122304K
  class space    used 10675K, committed 11008K, reserved 1048576K
}
Event: 5.451 GC heap before
{Heap before GC invocations=28 (full 0):
 garbage-first heap   total 151552K, used 121647K [0x00000000a0000000, 0x0000000100000000)
  region size 1024K, 51 young (52224K), 5 survivors (5120K)
 Metaspace       used 80909K, committed 81600K, reserved 1122304K
  class space    used 10909K, committed 11200K, reserved 1048576K
}

