# JRE version: OpenJDK Runtime Environment (11.0.15) (build 11.0.15+0-b2043.56-9505619)
# Java VM: OpenJDK 64-Bit Server VM (11.0.15+0-b2043.56-9505619, mixed mode, tiered, compressed oops, g1 gc, windows-amd64)
Heap:
 garbage-first heap   total 260096K, used 35398K [0x00000000a0000000, 0x0000000100000000)
  region size 1024K, 20 young (20480K), 3 survivors (3072K)
 Metaspace       used 27717K, capacity 28430K, committed 28720K, reserved 1075200K
  class space    used 3592K, capacity 3883K, committed 3968K, reserved 1048576K
GC Heap History (6 events):
Event: 0.317 GC heap before
{Heap before GC invocations=0 (full 0):
 garbage-first heap   total 260096K, used 29696K [0x00000000a0000000, 0x0000000100000000)
  region size 1024K, 24 young (24576K), 0 survivors (0K)
 Metaspace       used 10083K, capacity 10323K, committed 10624K, reserved 1058816K
  class space    used 1022K, capacity 1106K, committed 1152K, reserved 1048576K
}
Event: 0.320 GC heap after
{Heap after GC invocations=1 (full 0):
 garbage-first heap   total 260096K, used 9431K [0x00000000a0000000, 0x0000000100000000)
  region size 1024K, 3 young (3072K), 3 survivors (3072K)
 Metaspace       used 10083K, capacity 10323K, committed 10624K, reserved 1058816K
  class space    used 1022K, capacity 1106K, committed 1152K, reserved 1048576K
}
Event: 1.300 GC heap before
{Heap before GC invocations=1 (full 0):
 garbage-first heap   total 260096K, used 105687K [0x00000000a0000000, 0x0000000100000000)
  region size 1024K, 98 young (100352K), 3 survivors (3072K)
 Metaspace       used 20709K, capacity 21152K, committed 21296K, reserved 1069056K
  class space    used 2469K, capacity 2591K, committed 2688K, reserved 1048576K
}
Event: 1.306 GC heap after
{Heap after GC invocations=2 (full 0):
 garbage-first heap   total 260096K, used 16800K [0x00000000a0000000, 0x0000000100000000)
  region size 1024K, 11 young (11264K), 11 survivors (11264K)
 Metaspace       used 20709K, capacity 21152K, committed 21296K, reserved 1069056K
  class space    used 2469K, capacity 2591K, committed 2688K, reserved 1048576K
}
Event: 1.603 GC heap before
{Heap before GC invocations=3 (full 0):
 garbage-first heap   total 260096K, used 72096K [0x00000000a0000000, 0x0000000100000000)
  region size 1024K, 65 young (66560K), 11 survivors (11264K)
 Metaspace       used 26526K, capacity 27157K, committed 27440K, reserved 1073152K
  class space    used 3419K, capacity 3671K, committed 3712K, reserved 1048576K
}
Event: 1.607 GC heap after
{Heap after GC invocations=4 (full 0):
 garbage-first heap   total 260096K, used 19014K [0x00000000a0000000, 0x0000000100000000)
  region size 1024K, 3 young (3072K), 3 survivors (3072K)
 Metaspace       used 26526K, capacity 27157K, committed 27440K, reserved 1073152K
  class space    used 3419K, capacity 3671K, committed 3712K, reserved 1048576K
}

