# JRE version: OpenJDK Runtime Environment (17.0.6) (build 17.0.6+0-b2043.56-9586694)
# Java VM: OpenJDK 64-Bit Server VM (17.0.6+0-b2043.56-9586694, mixed mode, tiered, compressed oops, compressed class ptrs, g1 gc, windows-amd64)
GC Precious Log:
 CPUs: 16 total, 16 available
 Memory: 16155M
 Large Page Support: Disabled
 NUMA Support: Disabled
 Compressed Oops: Enabled (32-bit)
 Heap Region Size: 1M
 Heap Min Capacity: 8M
 Heap Initial Capacity: 254M
 Heap Max Capacity: 1536M
 Pre-touch: Disabled
 Parallel Workers: 13
 Concurrent Workers: 3
 Concurrent Refinement Workers: 13
 Periodic GC: Disabled
Heap:
 garbage-first heap   total 214016K, used 93284K [0x00000000a0000000, 0x0000000100000000)
  region size 1024K, 2 young (2048K), 2 survivors (2048K)
 Metaspace       used 82178K, committed 82944K, reserved 1122304K
  class space    used 11137K, committed 11456K, reserved 1048576K
GC Heap History (20 events):
Event: 3.865 GC heap after
{Heap after GC invocations=27 (full 0):
 garbage-first heap   total 116736K, used 62380K [0x00000000a0000000, 0x0000000100000000)
  region size 1024K, 5 young (5120K), 5 survivors (5120K)
 Metaspace       used 69673K, committed 70208K, reserved 1114112K
  class space    used 9071K, committed 9344K, reserved 1048576K
}
Event: 4.039 GC heap before
{Heap before GC invocations=28 (full 0):
 garbage-first heap   total 116736K, used 93100K [0x00000000a0000000, 0x0000000100000000)
  region size 1024K, 34 young (34816K), 5 survivors (5120K)
 Metaspace       used 70515K, committed 71104K, reserved 1114112K
  class space    used 9207K, committed 9472K, reserved 1048576K
}
Event: 4.042 GC heap after
{Heap after GC invocations=29 (full 0):
 garbage-first heap   total 116736K, used 64257K [0x00000000a0000000, 0x0000000100000000)
  region size 1024K, 3 young (3072K), 3 survivors (3072K)
 Metaspace       used 70515K, committed 71104K, reserved 1114112K
  class space    used 9207K, committed 9472K, reserved 1048576K
}
Event: 4.166 GC heap before
{Heap before GC invocations=29 (full 0):
 garbage-first heap   total 116736K, used 92929K [0x00000000a0000000, 0x0000000100000000)
  region size 1024K, 31 young (31744K), 3 survivors (3072K)
 Metaspace       used 71206K, committed 71808K, reserved 1114112K
  class space    used 9354K, committed 9664K, reserved 1048576K
}
Event: 4.168 GC heap after
{Heap after GC invocations=30 (full 0):
 garbage-first heap   total 140288K, used 65073K [0x00000000a0000000, 0x0000000100000000)
  region size 1024K, 1 young (1024K), 1 survivors (1024K)
 Metaspace       used 71206K, committed 71808K, reserved 1114112K
  class space    used 9354K, committed 9664K, reserved 1048576K
}
Event: 4.413 GC heap before
{Heap before GC invocations=31 (full 0):
 garbage-first heap   total 140288K, used 111153K [0x00000000a0000000, 0x0000000100000000)
  region size 1024K, 46 young (47104K), 1 survivors (1024K)
 Metaspace       used 73041K, committed 73728K, reserved 1114112K
  class space    used 9606K, committed 9920K, reserved 1048576K
}
Event: 4.415 GC heap after
{Heap after GC invocations=32 (full 0):
 garbage-first heap   total 140288K, used 68524K [0x00000000a0000000, 0x0000000100000000)
  region size 1024K, 5 young (5120K), 5 survivors (5120K)
 Metaspace       used 73041K, committed 73728K, reserved 1114112K
  class space    used 9606K, committed 9920K, reserved 1048576K
}
Event: 4.650 GC heap before
{Heap before GC invocations=32 (full 0):
 garbage-first heap   total 140288K, used 111532K [0x00000000a0000000, 0x0000000100000000)
  region size 1024K, 47 young (48128K), 5 survivors (5120K)
 Metaspace       used 77543K, committed 78208K, reserved 1122304K
  class space    used 10427K, committed 10752K, reserved 1048576K
}
Event: 4.652 GC heap after
{Heap after GC invocations=33 (full 0):
 garbage-first heap   total 140288K, used 71306K [0x00000000a0000000, 0x0000000100000000)
  region size 1024K, 3 young (3072K), 3 survivors (3072K)
 Metaspace       used 77543K, committed 78208K, reserved 1122304K
  class space    used 10427K, committed 10752K, reserved 1048576K
}
Event: 4.851 GC heap before
{Heap before GC invocations=34 (full 0):
 garbage-first heap   total 140288K, used 113290K [0x00000000a0000000, 0x0000000100000000)
  region size 1024K, 44 young (45056K), 3 survivors (3072K)
 Metaspace       used 79368K, committed 80000K, reserved 1122304K
  class space    used 10729K, committed 11008K, reserved 1048576K
}
Event: 4.855 GC heap after
{Heap after GC invocations=35 (full 0):
 garbage-first heap   total 140288K, used 75683K [0x00000000a0000000, 0x0000000100000000)
  region size 1024K, 6 young (6144K), 6 survivors (6144K)
 Metaspace       used 79368K, committed 80000K, reserved 1122304K
  class space    used 10729K, committed 11008K, reserved 1048576K
}
Event: 4.868 GC heap before
{Heap before GC invocations=35 (full 0):
 garbage-first heap   total 140288K, used 76707K [0x00000000a0000000, 0x0000000100000000)
  region size 1024K, 7 young (7168K), 6 survivors (6144K)
 Metaspace       used 79414K, committed 80064K, reserved 1122304K
  class space    used 10735K, committed 11008K, reserved 1048576K
}
Event: 4.871 GC heap after
{Heap after GC invocations=36 (full 0):
 garbage-first heap   total 140288K, used 76777K [0x00000000a0000000, 0x0000000100000000)
  region size 1024K, 1 young (1024K), 1 survivors (1024K)
 Metaspace       used 79414K, committed 80064K, reserved 1122304K
  class space    used 10735K, committed 11008K, reserved 1048576K
}
Event: 5.125 GC heap before
{Heap before GC invocations=36 (full 0):
 garbage-first heap   total 140288K, used 113641K [0x00000000a0000000, 0x0000000100000000)
  region size 1024K, 38 young (38912K), 1 survivors (1024K)
 Metaspace       used 80876K, committed 81536K, reserved 1122304K
  class space    used 10922K, committed 11200K, reserved 1048576K
}
Event: 5.128 GC heap after
{Heap after GC invocations=37 (full 0):
 garbage-first heap   total 140288K, used 79270K [0x00000000a0000000, 0x0000000100000000)
  region size 1024K, 4 young (4096K), 4 survivors (4096K)
 Metaspace       used 80876K, committed 81536K, reserved 1122304K
  class space    used 10922K, committed 11200K, reserved 1048576K
}
Event: 5.325 GC heap before
{Heap before GC invocations=38 (full 0):
 garbage-first heap   total 140288K, used 118182K [0x00000000a0000000, 0x0000000100000000)
  region size 1024K, 39 young (39936K), 4 survivors (4096K)
 Metaspace       used 82178K, committed 82944K, reserved 1122304K
  class space    used 11137K, committed 11456K, reserved 1048576K
}
Event: 5.329 GC heap after
{Heap after GC invocations=39 (full 0):
 garbage-first heap   total 140288K, used 91660K [0x00000000a0000000, 0x0000000100000000)
  region size 1024K, 5 young (5120K), 5 survivors (5120K)
 Metaspace       used 82178K, committed 82944K, reserved 1122304K
  class space    used 11137K, committed 11456K, reserved 1048576K
}
Event: 5.332 GC heap before
{Heap before GC invocations=39 (full 0):
 garbage-first heap   total 140288K, used 91660K [0x00000000a0000000, 0x0000000100000000)
  region size 1024K, 6 young (6144K), 5 survivors (5120K)
 Metaspace       used 82178K, committed 82944K, reserved 1122304K
  class space    used 11137K, committed 11456K, reserved 1048576K
}
Event: 5.335 GC heap after
{Heap after GC invocations=40 (full 0):
 garbage-first heap   total 140288K, used 92787K [0x00000000a0000000, 0x0000000100000000)
  region size 1024K, 1 young (1024K), 1 survivors (1024K)
 Metaspace       used 82178K, committed 82944K, reserved 1122304K
  class space    used 11137K, committed 11456K, reserved 1048576K
}
Event: 5.339 GC heap before
{Heap before GC invocations=40 (full 0):
 garbage-first heap   total 140288K, used 93811K [0x00000000a0000000, 0x0000000100000000)
  region size 1024K, 3 young (3072K), 1 survivors (1024K)
 Metaspace       used 82178K, committed 82944K, reserved 1122304K
  class space    used 11137K, committed 11456K, reserved 1048576K
}

