# JRE version: OpenJDK Runtime Environment (17.0.6) (build 17.0.6+0-b2043.56-9586694)
# Java VM: OpenJDK 64-Bit Server VM (17.0.6+0-b2043.56-9586694, mixed mode, tiered, compressed oops, compressed class ptrs, g1 gc, windows-amd64)
GC Precious Log:
 CPUs: 16 total, 16 available
 Memory: 16155M
 Large Page Support: Disabled
 NUMA Support: Disabled
 Compressed Oops: Enabled (32-bit)
 Heap Region Size: 1M
 Heap Min Capacity: 8M
 Heap Initial Capacity: 254M
 Heap Max Capacity: 1536M
 Pre-touch: Disabled
 Parallel Workers: 13
 Concurrent Workers: 3
 Concurrent Refinement Workers: 13
 Periodic GC: Disabled
Heap:
 garbage-first heap   total 447488K, used 263652K [0x00000000a0000000, 0x0000000100000000)
  region size 1024K, 120 young (122880K), 2 survivors (2048K)
 Metaspace       used 108306K, committed 109376K, reserved 1146880K
  class space    used 14737K, committed 15168K, reserved 1048576K
GC Heap History (20 events):
Event: 7.019 GC heap before
{Heap before GC invocations=28 (full 0):
 garbage-first heap   total 181248K, used 113503K [0x00000000a0000000, 0x0000000100000000)
  region size 1024K, 8 young (8192K), 2 survivors (2048K)
 Metaspace       used 87714K, committed 88704K, reserved 1130496K
  class space    used 12001K, committed 12416K, reserved 1048576K
}
Event: 7.022 GC heap after
{Heap after GC invocations=29 (full 0):
 garbage-first heap   total 181248K, used 107714K [0x00000000a0000000, 0x0000000100000000)
  region size 1024K, 1 young (1024K), 1 survivors (1024K)
 Metaspace       used 87714K, committed 88704K, reserved 1130496K
  class space    used 12001K, committed 12416K, reserved 1048576K
}
Event: 7.246 GC heap before
{Heap before GC invocations=29 (full 0):
 garbage-first heap   total 181248K, used 145602K [0x00000000a0000000, 0x0000000100000000)
  region size 1024K, 38 young (38912K), 1 survivors (1024K)
 Metaspace       used 91435K, committed 92352K, reserved 1130496K
  class space    used 12472K, committed 12864K, reserved 1048576K
}
Event: 7.249 GC heap after
{Heap after GC invocations=30 (full 0):
 garbage-first heap   total 181248K, used 110946K [0x00000000a0000000, 0x0000000100000000)
  region size 1024K, 4 young (4096K), 4 survivors (4096K)
 Metaspace       used 91435K, committed 92352K, reserved 1130496K
  class space    used 12472K, committed 12864K, reserved 1048576K
}
Event: 7.484 GC heap before
{Heap before GC invocations=31 (full 0):
 garbage-first heap   total 196608K, used 147810K [0x00000000a0000000, 0x0000000100000000)
  region size 1024K, 40 young (40960K), 4 survivors (4096K)
 Metaspace       used 92390K, committed 93248K, reserved 1130496K
  class space    used 12583K, committed 12928K, reserved 1048576K
}
Event: 7.489 GC heap after
{Heap after GC invocations=32 (full 0):
 garbage-first heap   total 196608K, used 119026K [0x00000000a0000000, 0x0000000100000000)
  region size 1024K, 5 young (5120K), 5 survivors (5120K)
 Metaspace       used 92390K, committed 93248K, reserved 1130496K
  class space    used 12583K, committed 12928K, reserved 1048576K
}
Event: 7.517 GC heap before
{Heap before GC invocations=32 (full 0):
 garbage-first heap   total 196608K, used 123122K [0x00000000a0000000, 0x0000000100000000)
  region size 1024K, 9 young (9216K), 5 survivors (5120K)
 Metaspace       used 92490K, committed 93376K, reserved 1130496K
  class space    used 12598K, committed 12992K, reserved 1048576K
}
Event: 7.522 GC heap after
{Heap after GC invocations=33 (full 0):
 garbage-first heap   total 327680K, used 120299K [0x00000000a0000000, 0x0000000100000000)
  region size 1024K, 2 young (2048K), 2 survivors (2048K)
 Metaspace       used 92490K, committed 93376K, reserved 1130496K
  class space    used 12598K, committed 12992K, reserved 1048576K
}
Event: 11.815 GC heap before
{Heap before GC invocations=33 (full 0):
 garbage-first heap   total 327680K, used 229867K [0x00000000a0000000, 0x0000000100000000)
  region size 1024K, 109 young (111616K), 2 survivors (2048K)
 Metaspace       used 97360K, committed 98368K, reserved 1138688K
  class space    used 13391K, committed 13824K, reserved 1048576K
}
Event: 11.820 GC heap after
{Heap after GC invocations=34 (full 0):
 garbage-first heap   total 327680K, used 128845K [0x00000000a0000000, 0x0000000100000000)
  region size 1024K, 10 young (10240K), 10 survivors (10240K)
 Metaspace       used 97360K, committed 98368K, reserved 1138688K
  class space    used 13391K, committed 13824K, reserved 1048576K
}
Event: 12.626 GC heap before
{Heap before GC invocations=34 (full 0):
 garbage-first heap   total 327680K, used 237389K [0x00000000a0000000, 0x0000000100000000)
  region size 1024K, 117 young (119808K), 10 survivors (10240K)
 Metaspace       used 103207K, committed 104320K, reserved 1138688K
  class space    used 14147K, committed 14592K, reserved 1048576K
}
Event: 12.633 GC heap after
{Heap after GC invocations=35 (full 0):
 garbage-first heap   total 327680K, used 137199K [0x00000000a0000000, 0x0000000100000000)
  region size 1024K, 9 young (9216K), 9 survivors (9216K)
 Metaspace       used 103207K, committed 104320K, reserved 1138688K
  class space    used 14147K, committed 14592K, reserved 1048576K
}
Event: 12.769 GC heap before
{Heap before GC invocations=35 (full 0):
 garbage-first heap   total 327680K, used 154607K [0x00000000a0000000, 0x0000000100000000)
  region size 1024K, 27 young (27648K), 9 survivors (9216K)
 Metaspace       used 104695K, committed 105792K, reserved 1146880K
  class space    used 14306K, committed 14784K, reserved 1048576K
}
Event: 12.773 GC heap after
{Heap after GC invocations=36 (full 0):
 garbage-first heap   total 327680K, used 139833K [0x00000000a0000000, 0x0000000100000000)
  region size 1024K, 3 young (3072K), 3 survivors (3072K)
 Metaspace       used 104695K, committed 105792K, reserved 1146880K
  class space    used 14306K, committed 14784K, reserved 1048576K
}
Event: 12.866 GC heap before
{Heap before GC invocations=36 (full 0):
 garbage-first heap   total 327680K, used 222777K [0x00000000a0000000, 0x0000000100000000)
  region size 1024K, 29 young (29696K), 3 survivors (3072K)
 Metaspace       used 104873K, committed 105984K, reserved 1146880K
  class space    used 14320K, committed 14784K, reserved 1048576K
}
Event: 12.868 GC heap after
{Heap after GC invocations=37 (full 0):
 garbage-first heap   total 327680K, used 199143K [0x00000000a0000000, 0x0000000100000000)
  region size 1024K, 4 young (4096K), 4 survivors (4096K)
 Metaspace       used 104873K, committed 105984K, reserved 1146880K
  class space    used 14320K, committed 14784K, reserved 1048576K
}
Event: 13.793 GC heap before
{Heap before GC invocations=38 (full 0):
 garbage-first heap   total 447488K, used 430567K [0x00000000a0000000, 0x0000000100000000)
  region size 1024K, 65 young (66560K), 4 survivors (4096K)
 Metaspace       used 107221K, committed 108224K, reserved 1146880K
  class space    used 14610K, committed 15040K, reserved 1048576K
}
Event: 13.797 GC heap after
{Heap after GC invocations=39 (full 0):
 garbage-first heap   total 447488K, used 202260K [0x00000000a0000000, 0x0000000100000000)
  region size 1024K, 8 young (8192K), 8 survivors (8192K)
 Metaspace       used 107221K, committed 108224K, reserved 1146880K
  class space    used 14610K, committed 15040K, reserved 1048576K
}
Event: 14.156 GC heap before
{Heap before GC invocations=39 (full 0):
 garbage-first heap   total 447488K, used 315924K [0x00000000a0000000, 0x0000000100000000)
  region size 1024K, 21 young (21504K), 8 survivors (8192K)
 Metaspace       used 107676K, committed 108736K, reserved 1146880K
  class space    used 14690K, committed 15104K, reserved 1048576K
}
Event: 14.160 GC heap after
{Heap after GC invocations=40 (full 0):
 garbage-first heap   total 447488K, used 144868K [0x00000000a0000000, 0x0000000100000000)
  region size 1024K, 2 young (2048K), 2 survivors (2048K)
 Metaspace       used 107676K, committed 108736K, reserved 1146880K
  class space    used 14690K, committed 15104K, reserved 1048576K
}

