# JRE version: OpenJDK Runtime Environment (17.0.6) (build 17.0.6+0-b2043.56-9586694)
# Java VM: OpenJDK 64-Bit Server VM (17.0.6+0-b2043.56-9586694, mixed mode, tiered, compressed oops, compressed class ptrs, g1 gc, windows-amd64)
GC Precious Log:
 CPUs: 16 total, 16 available
 Memory: 16155M
 Large Page Support: Disabled
 NUMA Support: Disabled
 Compressed Oops: Enabled (32-bit)
 Heap Region Size: 1M
 Heap Min Capacity: 8M
 Heap Initial Capacity: 254M
 Heap Max Capacity: 1536M
 Pre-touch: Disabled
 Parallel Workers: 13
 Concurrent Workers: 3
 Concurrent Refinement Workers: 13
 Periodic GC: Disabled
Heap:
 garbage-first heap   total 517120K, used 187711K [0x00000000a0000000, 0x0000000100000000)
  region size 1024K, 47 young (48128K), 2 survivors (2048K)
 Metaspace       used 109811K, committed 111040K, reserved 1146880K
  class space    used 14727K, committed 15360K, reserved 1048576K
GC Heap History (20 events):
Event: 12.536 GC heap before
{Heap before GC invocations=39 (full 0):
 garbage-first heap   total 272384K, used 265606K [0x00000000a0000000, 0x0000000100000000)
  region size 1024K, 5 young (5120K), 4 survivors (4096K)
 Metaspace       used 105937K, committed 106880K, reserved 1146880K
  class space    used 14440K, committed 14848K, reserved 1048576K
}
Event: 12.539 GC heap after
{Heap after GC invocations=40 (full 0):
 garbage-first heap   total 407552K, used 236916K [0x00000000a0000000, 0x0000000100000000)
  region size 1024K, 4 young (4096K), 4 survivors (4096K)
 Metaspace       used 105937K, committed 106880K, reserved 1146880K
  class space    used 14440K, committed 14848K, reserved 1048576K
}
Event: 3859.706 GC heap before
{Heap before GC invocations=41 (full 0):
 garbage-first heap   total 459776K, used 443764K [0x00000000a0000000, 0x0000000100000000)
  region size 1024K, 104 young (106496K), 4 survivors (4096K)
 Metaspace       used 106902K, committed 107776K, reserved 1146880K
  class space    used 14551K, committed 14976K, reserved 1048576K
}
Event: 3859.710 GC heap after
{Heap after GC invocations=42 (full 0):
 garbage-first heap   total 459776K, used 120793K [0x00000000a0000000, 0x0000000100000000)
  region size 1024K, 5 young (5120K), 5 survivors (5120K)
 Metaspace       used 106902K, committed 107776K, reserved 1146880K
  class space    used 14551K, committed 14976K, reserved 1048576K
}
Event: 4650.787 GC heap before
{Heap before GC invocations=42 (full 0):
 garbage-first heap   total 459776K, used 137177K [0x00000000a0000000, 0x0000000100000000)
  region size 1024K, 22 young (22528K), 5 survivors (5120K)
 Metaspace       used 106942K, committed 107840K, reserved 1146880K
  class space    used 14557K, committed 14976K, reserved 1048576K
}
Event: 4650.791 GC heap after
{Heap after GC invocations=43 (full 0):
 garbage-first heap   total 459776K, used 120492K [0x00000000a0000000, 0x0000000100000000)
  region size 1024K, 2 young (2048K), 2 survivors (2048K)
 Metaspace       used 106942K, committed 107840K, reserved 1146880K
  class space    used 14557K, committed 14976K, reserved 1048576K
}
Event: 4687.379 GC heap before
{Heap before GC invocations=43 (full 0):
 garbage-first heap   total 459776K, used 385708K [0x00000000a0000000, 0x0000000100000000)
  region size 1024K, 262 young (268288K), 2 survivors (2048K)
 Metaspace       used 108599K, committed 109696K, reserved 1146880K
  class space    used 14704K, committed 15232K, reserved 1048576K
}
Event: 4687.390 GC heap after
{Heap after GC invocations=44 (full 0):
 garbage-first heap   total 459776K, used 135113K [0x00000000a0000000, 0x0000000100000000)
  region size 1024K, 16 young (16384K), 16 survivors (16384K)
 Metaspace       used 108599K, committed 109696K, reserved 1146880K
  class space    used 14704K, committed 15232K, reserved 1048576K
}
Event: 4690.890 GC heap before
{Heap before GC invocations=44 (full 0):
 garbage-first heap   total 459776K, used 150473K [0x00000000a0000000, 0x0000000100000000)
  region size 1024K, 33 young (33792K), 16 survivors (16384K)
 Metaspace       used 108612K, committed 109696K, reserved 1146880K
  class space    used 14705K, committed 15232K, reserved 1048576K
}
Event: 4690.896 GC heap after
{Heap after GC invocations=45 (full 0):
 garbage-first heap   total 459776K, used 137489K [0x00000000a0000000, 0x0000000100000000)
  region size 1024K, 19 young (19456K), 19 survivors (19456K)
 Metaspace       used 108612K, committed 109696K, reserved 1146880K
  class space    used 14705K, committed 15232K, reserved 1048576K
}
Event: 4691.981 GC heap before
{Heap before GC invocations=46 (full 0):
 garbage-first heap   total 459776K, used 428305K [0x00000000a0000000, 0x0000000100000000)
  region size 1024K, 92 young (94208K), 19 survivors (19456K)
 Metaspace       used 109057K, committed 110144K, reserved 1146880K
  class space    used 14698K, committed 15232K, reserved 1048576K
}
Event: 4691.990 GC heap after
{Heap after GC invocations=47 (full 0):
 garbage-first heap   total 459776K, used 199139K [0x00000000a0000000, 0x0000000100000000)
  region size 1024K, 10 young (10240K), 10 survivors (10240K)
 Metaspace       used 109057K, committed 110144K, reserved 1146880K
  class space    used 14698K, committed 15232K, reserved 1048576K
}
Event: 4976.715 GC heap before
{Heap before GC invocations=47 (full 0):
 garbage-first heap   total 459776K, used 300515K [0x00000000a0000000, 0x0000000100000000)
  region size 1024K, 22 young (22528K), 10 survivors (10240K)
 Metaspace       used 109070K, committed 110144K, reserved 1146880K
  class space    used 14699K, committed 15232K, reserved 1048576K
}
Event: 4976.720 GC heap after
{Heap after GC invocations=48 (full 0):
 garbage-first heap   total 459776K, used 138459K [0x00000000a0000000, 0x0000000100000000)
  region size 1024K, 2 young (2048K), 2 survivors (2048K)
 Metaspace       used 109070K, committed 110144K, reserved 1146880K
  class space    used 14699K, committed 15232K, reserved 1048576K
}
Event: 7326.793 GC heap before
{Heap before GC invocations=48 (full 0):
 garbage-first heap   total 459776K, used 300251K [0x00000000a0000000, 0x0000000100000000)
  region size 1024K, 162 young (165888K), 2 survivors (2048K)
 Metaspace       used 109653K, committed 110912K, reserved 1146880K
  class space    used 14787K, committed 15360K, reserved 1048576K
}
Event: 7326.806 GC heap after
{Heap after GC invocations=49 (full 0):
 garbage-first heap   total 459776K, used 153807K [0x00000000a0000000, 0x0000000100000000)
  region size 1024K, 17 young (17408K), 17 survivors (17408K)
 Metaspace       used 109653K, committed 110912K, reserved 1146880K
  class space    used 14787K, committed 15360K, reserved 1048576K
}
Event: 7328.084 GC heap before
{Heap before GC invocations=50 (full 0):
 garbage-first heap   total 517120K, used 486607K [0x00000000a0000000, 0x0000000100000000)
  region size 1024K, 83 young (84992K), 17 survivors (17408K)
 Metaspace       used 109618K, committed 110976K, reserved 1146880K
  class space    used 14701K, committed 15360K, reserved 1048576K
}
Event: 7328.094 GC heap after
{Heap after GC invocations=51 (full 0):
 garbage-first heap   total 517120K, used 217950K [0x00000000a0000000, 0x0000000100000000)
  region size 1024K, 8 young (8192K), 8 survivors (8192K)
 Metaspace       used 109618K, committed 110976K, reserved 1146880K
  class space    used 14701K, committed 15360K, reserved 1048576K
}
Event: 7820.706 GC heap before
{Heap before GC invocations=51 (full 0):
 garbage-first heap   total 517120K, used 275294K [0x00000000a0000000, 0x0000000100000000)
  region size 1024K, 25 young (25600K), 8 survivors (8192K)
 Metaspace       used 109654K, committed 110976K, reserved 1146880K
  class space    used 14703K, committed 15360K, reserved 1048576K
}
Event: 7820.714 GC heap after
{Heap after GC invocations=52 (full 0):
 garbage-first heap   total 517120K, used 142655K [0x00000000a0000000, 0x0000000100000000)
  region size 1024K, 2 young (2048K), 2 survivors (2048K)
 Metaspace       used 109654K, committed 110976K, reserved 1146880K
  class space    used 14703K, committed 15360K, reserved 1048576K
}

