# JRE version: OpenJDK Runtime Environment (17.0.6) (build 17.0.6+0-b2043.56-9586694)
# Java VM: OpenJDK 64-Bit Server VM (17.0.6+0-b2043.56-9586694, mixed mode, tiered, compressed oops, compressed class ptrs, g1 gc, windows-amd64)
GC Precious Log:
 CPUs: 16 total, 16 available
 Memory: 16155M
 Large Page Support: Disabled
 NUMA Support: Disabled
 Compressed Oops: Enabled (32-bit)
 Heap Region Size: 1M
 Heap Min Capacity: 8M
 Heap Initial Capacity: 254M
 Heap Max Capacity: 1536M
 Pre-touch: Disabled
 Parallel Workers: 13
 Concurrent Workers: 3
 Concurrent Refinement Workers: 13
 Periodic GC: Disabled
Heap:
 garbage-first heap   total 114688K, used 58262K [0x00000000a0000000, 0x0000000100000000)
  region size 1024K, 2 young (2048K), 2 survivors (2048K)
 Metaspace       used 66144K, committed 66624K, reserved 1114112K
  class space    used 8611K, committed 8832K, reserved 1048576K
GC Heap History (20 events):
Event: 2.192 GC heap after
{Heap after GC invocations=12 (full 0):
 garbage-first heap   total 78848K, used 29732K [0x00000000a0000000, 0x0000000100000000)
  region size 1024K, 4 young (4096K), 4 survivors (4096K)
 Metaspace       used 44677K, committed 44992K, reserved 1089536K
  class space    used 5897K, committed 6080K, reserved 1048576K
}
Event: 2.355 GC heap before
{Heap before GC invocations=12 (full 0):
 garbage-first heap   total 78848K, used 60452K [0x00000000a0000000, 0x0000000100000000)
  region size 1024K, 33 young (33792K), 4 survivors (4096K)
 Metaspace       used 47633K, committed 48064K, reserved 1097728K
  class space    used 6250K, committed 6464K, reserved 1048576K
}
Event: 2.357 GC heap after
{Heap after GC invocations=13 (full 0):
 garbage-first heap   total 78848K, used 32301K [0x00000000a0000000, 0x0000000100000000)
  region size 1024K, 5 young (5120K), 5 survivors (5120K)
 Metaspace       used 47633K, committed 48064K, reserved 1097728K
  class space    used 6250K, committed 6464K, reserved 1048576K
}
Event: 2.567 GC heap before
{Heap before GC invocations=13 (full 0):
 garbage-first heap   total 78848K, used 59949K [0x00000000a0000000, 0x0000000100000000)
  region size 1024K, 32 young (32768K), 5 survivors (5120K)
 Metaspace       used 50308K, committed 50688K, reserved 1097728K
  class space    used 6605K, committed 6784K, reserved 1048576K
}
Event: 2.569 GC heap after
{Heap after GC invocations=14 (full 0):
 garbage-first heap   total 78848K, used 34064K [0x00000000a0000000, 0x0000000100000000)
  region size 1024K, 2 young (2048K), 2 survivors (2048K)
 Metaspace       used 50308K, committed 50688K, reserved 1097728K
  class space    used 6605K, committed 6784K, reserved 1048576K
}
Event: 2.687 GC heap before
{Heap before GC invocations=14 (full 0):
 garbage-first heap   total 78848K, used 58640K [0x00000000a0000000, 0x0000000100000000)
  region size 1024K, 25 young (25600K), 2 survivors (2048K)
 Metaspace       used 50823K, committed 51264K, reserved 1097728K
  class space    used 6651K, committed 6848K, reserved 1048576K
}
Event: 2.689 GC heap after
{Heap after GC invocations=15 (full 0):
 garbage-first heap   total 78848K, used 41581K [0x00000000a0000000, 0x0000000100000000)
  region size 1024K, 4 young (4096K), 4 survivors (4096K)
 Metaspace       used 50823K, committed 51264K, reserved 1097728K
  class space    used 6651K, committed 6848K, reserved 1048576K
}
Event: 2.788 GC heap before
{Heap before GC invocations=16 (full 0):
 garbage-first heap   total 83968K, used 68205K [0x00000000a0000000, 0x0000000100000000)
  region size 1024K, 24 young (24576K), 4 survivors (4096K)
 Metaspace       used 52764K, committed 53184K, reserved 1097728K
  class space    used 6922K, committed 7104K, reserved 1048576K
}
Event: 2.791 GC heap after
{Heap after GC invocations=17 (full 0):
 garbage-first heap   total 83968K, used 50985K [0x00000000a0000000, 0x0000000100000000)
  region size 1024K, 3 young (3072K), 3 survivors (3072K)
 Metaspace       used 52764K, committed 53184K, reserved 1097728K
  class space    used 6922K, committed 7104K, reserved 1048576K
}
Event: 2.904 GC heap before
{Heap before GC invocations=17 (full 0):
 garbage-first heap   total 83968K, used 66345K [0x00000000a0000000, 0x0000000100000000)
  region size 1024K, 18 young (18432K), 3 survivors (3072K)
 Metaspace       used 54843K, committed 55296K, reserved 1097728K
  class space    used 7185K, committed 7360K, reserved 1048576K
}
Event: 2.906 GC heap after
{Heap after GC invocations=18 (full 0):
 garbage-first heap   total 83968K, used 51177K [0x00000000a0000000, 0x0000000100000000)
  region size 1024K, 1 young (1024K), 1 survivors (1024K)
 Metaspace       used 54843K, committed 55296K, reserved 1097728K
  class space    used 7185K, committed 7360K, reserved 1048576K
}
Event: 3.021 GC heap before
{Heap before GC invocations=19 (full 0):
 garbage-first heap   total 91136K, used 67561K [0x00000000a0000000, 0x0000000100000000)
  region size 1024K, 17 young (17408K), 1 survivors (1024K)
 Metaspace       used 57427K, committed 57920K, reserved 1105920K
  class space    used 7505K, committed 7744K, reserved 1048576K
}
Event: 3.022 GC heap after
{Heap after GC invocations=20 (full 0):
 garbage-first heap   total 109568K, used 51675K [0x00000000a0000000, 0x0000000100000000)
  region size 1024K, 2 young (2048K), 2 survivors (2048K)
 Metaspace       used 57427K, committed 57920K, reserved 1105920K
  class space    used 7505K, committed 7744K, reserved 1048576K
}
Event: 3.278 GC heap before
{Heap before GC invocations=20 (full 0):
 garbage-first heap   total 109568K, used 79323K [0x00000000a0000000, 0x0000000100000000)
  region size 1024K, 30 young (30720K), 2 survivors (2048K)
 Metaspace       used 62552K, committed 63104K, reserved 1105920K
  class space    used 8176K, committed 8448K, reserved 1048576K
}
Event: 3.280 GC heap after
{Heap after GC invocations=21 (full 0):
 garbage-first heap   total 109568K, used 54030K [0x00000000a0000000, 0x0000000100000000)
  region size 1024K, 4 young (4096K), 4 survivors (4096K)
 Metaspace       used 62552K, committed 63104K, reserved 1105920K
  class space    used 8176K, committed 8448K, reserved 1048576K
}
Event: 3.417 GC heap before
{Heap before GC invocations=22 (full 0):
 garbage-first heap   total 114688K, used 89870K [0x00000000a0000000, 0x0000000100000000)
  region size 1024K, 33 young (33792K), 4 survivors (4096K)
 Metaspace       used 64359K, committed 64832K, reserved 1105920K
  class space    used 8421K, committed 8640K, reserved 1048576K
}
Event: 3.419 GC heap after
{Heap after GC invocations=23 (full 0):
 garbage-first heap   total 114688K, used 56712K [0x00000000a0000000, 0x0000000100000000)
  region size 1024K, 5 young (5120K), 5 survivors (5120K)
 Metaspace       used 64359K, committed 64832K, reserved 1105920K
  class space    used 8421K, committed 8640K, reserved 1048576K
}
Event: 3.423 GC heap before
{Heap before GC invocations=23 (full 0):
 garbage-first heap   total 114688K, used 57736K [0x00000000a0000000, 0x0000000100000000)
  region size 1024K, 6 young (6144K), 5 survivors (5120K)
 Metaspace       used 64444K, committed 64960K, reserved 1105920K
  class space    used 8427K, committed 8704K, reserved 1048576K
}
Event: 3.425 GC heap after
{Heap after GC invocations=24 (full 0):
 garbage-first heap   total 114688K, used 57300K [0x00000000a0000000, 0x0000000100000000)
  region size 1024K, 1 young (1024K), 1 survivors (1024K)
 Metaspace       used 64444K, committed 64960K, reserved 1105920K
  class space    used 8427K, committed 8704K, reserved 1048576K
}
Event: 3.531 GC heap before
{Heap before GC invocations=24 (full 0):
 garbage-first heap   total 114688K, used 78804K [0x00000000a0000000, 0x0000000100000000)
  region size 1024K, 23 young (23552K), 1 survivors (1024K)
 Metaspace       used 66144K, committed 66624K, reserved 1114112K
  class space    used 8611K, committed 8832K, reserved 1048576K
}

